<?xml version="1.0" encoding="UTF-8"?>
<!-- Generated by org.testng.reporters.JUnitReportReporter -->
<testsuite hostname="LAPTOP-03JVINRK" failures="0" tests="3" name="Testclass" time="23.069" errors="0" timestamp="2022-07-16T23:45:21 IST" skipped="0">
  <testcase classname="Testclass" name="testcase3" time="8.717"/>
  <system-out/>
  <testcase classname="Testclass" name="testcase1" time="7.082"/>
  <system-out/>
  <testcase classname="Testclass" name="testcase2" time="7.270"/>
  <system-out/>
</testsuite> <!-- Testclass -->
